<?xml version="1.0" encoding="UTF-8"?>
<testng-results ignored="0" total="1" passed="1" failed="0" skipped="0">
  <reporter-output>
  </reporter-output>
  <suite started-at="2020-02-23T11:27:19 IST" name="Default suite" finished-at="2020-02-23T11:27:25 IST" duration-ms="5334">
    <groups>
    </groups>
    <test started-at="2020-02-23T11:27:19 IST" name="Default test" finished-at="2020-02-23T11:27:25 IST" duration-ms="5334">
      <class name="project1.google_app.google">
        <test-method is-config="true" signature="beforetst()[pri:0, instance:project1.google_app.google@37afeb11]" started-at="2020-02-23T11:27:19 IST" name="beforetst" finished-at="2020-02-23T11:27:24 IST" duration-ms="4669" status="PASS">
          <reporter-output>
          </reporter-output>
        </test-method> <!-- beforetst -->
        <test-method is-config="true" signature="openbrowser()[pri:0, instance:project1.google_app.google@37afeb11]" started-at="2020-02-23T11:27:24 IST" name="openbrowser" finished-at="2020-02-23T11:27:24 IST" duration-ms="284" status="PASS">
          <reporter-output>
          </reporter-output>
        </test-method> <!-- openbrowser -->
        <test-method signature="test()[pri:0, instance:project1.google_app.google@37afeb11]" started-at="2020-02-23T11:27:24 IST" name="test" finished-at="2020-02-23T11:27:25 IST" duration-ms="333" status="PASS">
          <reporter-output>
          </reporter-output>
        </test-method> <!-- test -->
      </class> <!-- project1.google_app.google -->
    </test> <!-- Default test -->
  </suite> <!-- Default suite -->
</testng-results>
